2020-05-21 01:03:36.539  INFO 13488 --- [restartedMain] c.buaa.blockchain.BlockchainApplication  : Starting BlockchainApplication on DESKTOP-EMVOVM7 with PID 13488 (D:\Develop\PRJ\buaa-blockchain\target\classes started by 18910 in D:\Develop\PRJ\buaa-blockchain)
2020-05-21 01:03:36.556 DEBUG 13488 --- [restartedMain] c.buaa.blockchain.BlockchainApplication  : Running with Spring Boot v2.2.6.RELEASE, Spring v5.2.5.RELEASE
2020-05-21 01:03:36.557  INFO 13488 --- [restartedMain] c.buaa.blockchain.BlockchainApplication  : No active profile set, falling back to default profiles: default
2020-05-21 01:03:36.620  INFO 13488 --- [restartedMain] .e.DevToolsPropertyDefaultsPostProcessor : Devtools property defaults active! Set 'spring.devtools.add-properties' to 'false' to disable
2020-05-21 01:03:36.620  INFO 13488 --- [restartedMain] .e.DevToolsPropertyDefaultsPostProcessor : For additional web related logging consider setting the 'logging.level.web' property to 'DEBUG'
2020-05-21 01:03:38.072  INFO 13488 --- [restartedMain] .s.d.r.c.RepositoryConfigurationDelegate : Multiple Spring Data modules found, entering strict repository configuration mode!
2020-05-21 01:03:38.075  INFO 13488 --- [restartedMain] .s.d.r.c.RepositoryConfigurationDelegate : Bootstrapping Spring Data Redis repositories in DEFAULT mode.
2020-05-21 01:03:38.110  INFO 13488 --- [restartedMain] .s.d.r.c.RepositoryConfigurationDelegate : Finished Spring Data repository scanning in 17ms. Found 0 Redis repository interfaces.
2020-05-21 01:03:38.382  INFO 13488 --- [restartedMain] trationDelegate$BeanPostProcessorChecker : Bean 'redisConfig' of type [com.buaa.blockchain.redis.RedisConfig$$EnhancerBySpringCGLIB$$76a3532f] is not eligible for getting processed by all BeanPostProcessors (for example: not eligible for auto-proxying)
2020-05-21 01:03:38.692  INFO 13488 --- [restartedMain] o.s.b.w.embedded.tomcat.TomcatWebServer  : Tomcat initialized with port(s): 17800 (http)
2020-05-21 01:03:38.699  INFO 13488 --- [restartedMain] o.apache.catalina.core.StandardService   : Starting service [Tomcat]
2020-05-21 01:03:38.700  INFO 13488 --- [restartedMain] org.apache.catalina.core.StandardEngine  : Starting Servlet engine: [Apache Tomcat/9.0.33]
2020-05-21 01:03:38.702  INFO 13488 --- [restartedMain] o.a.catalina.core.AprLifecycleListener   : Loaded APR based Apache Tomcat Native library [1.2.23] using APR version [1.7.0].
2020-05-21 01:03:38.703  INFO 13488 --- [restartedMain] o.a.catalina.core.AprLifecycleListener   : APR capabilities: IPv6 [true], sendfile [true], accept filters [false], random [true].
2020-05-21 01:03:38.703  INFO 13488 --- [restartedMain] o.a.catalina.core.AprLifecycleListener   : APR/OpenSSL configuration: useAprConnector [false], useOpenSSL [true]
2020-05-21 01:03:38.728  INFO 13488 --- [restartedMain] o.a.catalina.core.AprLifecycleListener   : OpenSSL successfully initialized [OpenSSL 1.1.1c  28 May 2019]
2020-05-21 01:03:38.813  INFO 13488 --- [restartedMain] o.a.c.c.C.[Tomcat].[localhost].[/]       : Initializing Spring embedded WebApplicationContext
2020-05-21 01:03:38.814  INFO 13488 --- [restartedMain] o.s.web.context.ContextLoader            : Root WebApplicationContext: initialization completed in 2192 ms
2020-05-21 01:03:39.729  WARN 13488 --- [restartedMain] org.jgroups.stack.Configurator           : JGRP000014: BasicTCP.use_send_queues has been deprecated: will be removed in 4.0
2020-05-21 01:03:39.731  WARN 13488 --- [restartedMain] org.jgroups.stack.Configurator           : JGRP000014: TP.loopback has been deprecated: enabled by default
2020-05-21 01:03:39.735  WARN 13488 --- [restartedMain] org.jgroups.stack.Configurator           : JGRP000014: Discovery.timeout has been deprecated: GMS.join_timeout should be used instead
2020-05-21 01:03:39.735  WARN 13488 --- [restartedMain] org.jgroups.stack.Configurator           : JGRP000014: Discovery.num_initial_members has been deprecated: will be ignored
2020-05-21 01:03:40.045 ERROR 13488 --- [restartedMain] c.b.b.message.JGroupsMessageImpl         : JGroupsMessageImpl(): Cannot init. Shut down!
2020-05-21 01:03:40.047  WARN 13488 --- [restartedMain] c.b.b.message.JGroupsMessageImpl         : JGroupsMessageImpl(): init complete via jgroups-tcp.xml, address=null
2020-05-21 01:03:40.227  INFO 13488 --- [restartedMain] leveldb                                  : New LevelDbDataSource: null
2020-05-21 01:03:40.786  INFO 13488 --- [restartedMain] o.s.s.concurrent.ThreadPoolTaskExecutor  : Initializing ExecutorService 'applicationTaskExecutor'
2020-05-21 01:03:41.188  INFO 13488 --- [restartedMain] o.s.b.d.a.OptionalLiveReloadServer       : LiveReload server is running on port 35729
2020-05-21 01:03:41.194  INFO 13488 --- [restartedMain] o.s.b.a.e.web.EndpointLinksResolver      : Exposing 2 endpoint(s) beneath base path '/actuator'
2020-05-21 01:03:41.253  INFO 13488 --- [restartedMain] o.s.b.w.embedded.tomcat.TomcatWebServer  : Tomcat started on port(s): 17800 (http) with context path ''
2020-05-21 01:03:41.255  INFO 13488 --- [restartedMain] c.buaa.blockchain.BlockchainApplication  : Started BlockchainApplication in 5.213 seconds (JVM running for 6.923)
2020-05-21 01:03:41.259  INFO 13488 --- [restartedMain] c.b.b.core.BlockchainServiceImpl         : initMessageServiceCallback(): init complete.
2020-05-21 01:03:41.260  INFO 13488 --- [restartedMain] c.b.b.core.BlockchainServiceImpl         : testMessageDigest(): init complete.
2020-05-21 01:03:41.260  INFO 13488 --- [restartedMain] c.b.b.core.BlockchainServiceImpl         : firstTimeSetup(): init complete. buaa-blockchain version:1.0
2020-05-21 01:03:41.277  INFO 13488 --- [restartedMain] com.zaxxer.hikari.HikariDataSource       : HikariPool-1 - Starting...
2020-05-21 01:03:41.769  INFO 13488 --- [restartedMain] com.zaxxer.hikari.HikariDataSource       : HikariPool-1 - Start completed.
2020-05-21 01:03:41.774 DEBUG 13488 --- [restartedMain] c.b.b.mapper.BlockMapper.findBlockNum    : ==>  Preparing: SELECT count(1) as num from block where hash = ? 
2020-05-21 01:03:41.786 DEBUG 13488 --- [restartedMain] c.b.b.mapper.BlockMapper.findBlockNum    : ==> Parameters: 5FECEB66FFC86F38D952786C6D696C79C2DBC239DD4E91B46729D73A27FB57E9(String)
2020-05-21 01:03:41.947 DEBUG 13488 --- [restartedMain] c.b.b.mapper.BlockMapper.findBlockNum    : <==      Total: 1
2020-05-21 01:03:41.959 DEBUG 13488 --- [restartedMain] c.b.b.mapper.BlockMapper.findMaxHeight   : ==>  Preparing: select max(height) from block 
2020-05-21 01:03:41.959 DEBUG 13488 --- [restartedMain] c.b.b.mapper.BlockMapper.findMaxHeight   : ==> Parameters: 
2020-05-21 01:03:41.962 DEBUG 13488 --- [restartedMain] c.b.b.mapper.BlockMapper.findMaxHeight   : <==      Total: 1
2020-05-21 01:03:41.964 DEBUG 13488 --- [restartedMain] c.b.b.m.BlockMapper.findPreHashByHeight  : ==>  Preparing: select hash from block where height = ? 
2020-05-21 01:03:41.965 DEBUG 13488 --- [restartedMain] c.b.b.m.BlockMapper.findPreHashByHeight  : ==> Parameters: 0(Integer)
2020-05-21 01:03:41.966 DEBUG 13488 --- [restartedMain] c.b.b.m.BlockMapper.findPreHashByHeight  : <==      Total: 1
2020-05-21 01:03:41.967  INFO 13488 --- [restartedMain] c.b.b.core.BlockchainServiceImpl         : startNewRound(): leaderNode=node1, height=1, round=0 try to build new block...
2020-05-21 01:03:42.084  INFO 13488 --- [restartedMain] io.lettuce.core.EpollProvider            : Starting without optional epoll library
2020-05-21 01:03:42.085  INFO 13488 --- [restartedMain] io.lettuce.core.KqueueProvider           : Starting without optional kqueue library
2020-05-21 01:03:44.482 ERROR 13488 --- [restartedMain] c.buaa.blockchain.BlockchainApplication  : run(): fatal error!
2020-05-21 01:05:32.074  INFO 9796 --- [restartedMain] c.buaa.blockchain.BlockchainApplication  : Starting BlockchainApplication on DESKTOP-EMVOVM7 with PID 9796 (D:\Develop\PRJ\buaa-blockchain\target\classes started by 18910 in D:\Develop\PRJ\buaa-blockchain)
2020-05-21 01:05:32.084 DEBUG 9796 --- [restartedMain] c.buaa.blockchain.BlockchainApplication  : Running with Spring Boot v2.2.6.RELEASE, Spring v5.2.5.RELEASE
2020-05-21 01:05:32.085  INFO 9796 --- [restartedMain] c.buaa.blockchain.BlockchainApplication  : No active profile set, falling back to default profiles: default
2020-05-21 01:05:32.126  INFO 9796 --- [restartedMain] .e.DevToolsPropertyDefaultsPostProcessor : Devtools property defaults active! Set 'spring.devtools.add-properties' to 'false' to disable
2020-05-21 01:05:32.126  INFO 9796 --- [restartedMain] .e.DevToolsPropertyDefaultsPostProcessor : For additional web related logging consider setting the 'logging.level.web' property to 'DEBUG'
2020-05-21 01:05:33.145  INFO 9796 --- [restartedMain] .s.d.r.c.RepositoryConfigurationDelegate : Multiple Spring Data modules found, entering strict repository configuration mode!
2020-05-21 01:05:33.147  INFO 9796 --- [restartedMain] .s.d.r.c.RepositoryConfigurationDelegate : Bootstrapping Spring Data Redis repositories in DEFAULT mode.
2020-05-21 01:05:33.181  INFO 9796 --- [restartedMain] .s.d.r.c.RepositoryConfigurationDelegate : Finished Spring Data repository scanning in 18ms. Found 0 Redis repository interfaces.
2020-05-21 01:05:34.213  INFO 9796 --- [restartedMain] trationDelegate$BeanPostProcessorChecker : Bean 'redisConfig' of type [com.buaa.blockchain.redis.RedisConfig$$EnhancerBySpringCGLIB$$fda6de3] is not eligible for getting processed by all BeanPostProcessors (for example: not eligible for auto-proxying)
2020-05-21 01:05:34.783  INFO 9796 --- [restartedMain] o.s.b.w.embedded.tomcat.TomcatWebServer  : Tomcat initialized with port(s): 17800 (http)
2020-05-21 01:05:34.796  INFO 9796 --- [restartedMain] o.apache.catalina.core.StandardService   : Starting service [Tomcat]
2020-05-21 01:05:34.796  INFO 9796 --- [restartedMain] org.apache.catalina.core.StandardEngine  : Starting Servlet engine: [Apache Tomcat/9.0.33]
2020-05-21 01:05:34.800  INFO 9796 --- [restartedMain] o.a.catalina.core.AprLifecycleListener   : Loaded APR based Apache Tomcat Native library [1.2.23] using APR version [1.7.0].
2020-05-21 01:05:34.800  INFO 9796 --- [restartedMain] o.a.catalina.core.AprLifecycleListener   : APR capabilities: IPv6 [true], sendfile [true], accept filters [false], random [true].
2020-05-21 01:05:34.800  INFO 9796 --- [restartedMain] o.a.catalina.core.AprLifecycleListener   : APR/OpenSSL configuration: useAprConnector [false], useOpenSSL [true]
2020-05-21 01:05:34.803  INFO 9796 --- [restartedMain] o.a.catalina.core.AprLifecycleListener   : OpenSSL successfully initialized [OpenSSL 1.1.1c  28 May 2019]
2020-05-21 01:05:34.913  INFO 9796 --- [restartedMain] o.a.c.c.C.[Tomcat].[localhost].[/]       : Initializing Spring embedded WebApplicationContext
2020-05-21 01:05:34.913  INFO 9796 --- [restartedMain] o.s.web.context.ContextLoader            : Root WebApplicationContext: initialization completed in 2787 ms
2020-05-21 01:05:36.165  WARN 9796 --- [restartedMain] org.jgroups.stack.Configurator           : JGRP000014: BasicTCP.use_send_queues has been deprecated: will be removed in 4.0
2020-05-21 01:05:36.178  WARN 9796 --- [restartedMain] org.jgroups.stack.Configurator           : JGRP000014: TP.loopback has been deprecated: enabled by default
2020-05-21 01:05:36.187  WARN 9796 --- [restartedMain] org.jgroups.stack.Configurator           : JGRP000014: Discovery.timeout has been deprecated: GMS.join_timeout should be used instead
2020-05-21 01:05:36.188  WARN 9796 --- [restartedMain] org.jgroups.stack.Configurator           : JGRP000014: Discovery.num_initial_members has been deprecated: will be ignored
2020-05-21 01:05:36.561 ERROR 9796 --- [restartedMain] c.b.b.message.JGroupsMessageImpl         : JGroupsMessageImpl(): Cannot init. Shut down!
2020-05-21 01:05:45.875  WARN 9796 --- [restartedMain] c.b.b.message.JGroupsMessageImpl         : JGroupsMessageImpl(): init complete via jgroups-tcp.xml, address=null
2020-05-21 01:05:46.238  INFO 9796 --- [restartedMain] leveldb                                  : New LevelDbDataSource: null
2020-05-21 01:05:46.540  INFO 9796 --- [restartedMain] o.s.s.concurrent.ThreadPoolTaskExecutor  : Initializing ExecutorService 'applicationTaskExecutor'
2020-05-21 01:05:47.087  INFO 9796 --- [restartedMain] o.s.b.d.a.OptionalLiveReloadServer       : LiveReload server is running on port 35729
2020-05-21 01:05:47.092  INFO 9796 --- [restartedMain] o.s.b.a.e.web.EndpointLinksResolver      : Exposing 2 endpoint(s) beneath base path '/actuator'
2020-05-21 01:05:47.194  INFO 9796 --- [restartedMain] o.s.b.w.embedded.tomcat.TomcatWebServer  : Tomcat started on port(s): 17800 (http) with context path ''
2020-05-21 01:05:47.199  INFO 9796 --- [restartedMain] c.buaa.blockchain.BlockchainApplication  : Started BlockchainApplication in 15.516 seconds (JVM running for 17.558)
2020-05-21 01:06:15.663  INFO 9796 --- [restartedMain] c.b.b.core.BlockchainServiceImpl         : initMessageServiceCallback(): init complete.
2020-05-21 01:06:15.666  INFO 9796 --- [restartedMain] c.b.b.core.BlockchainServiceImpl         : testMessageDigest(): init complete.
2020-05-21 01:06:15.666  INFO 9796 --- [restartedMain] c.b.b.core.BlockchainServiceImpl         : firstTimeSetup(): init complete. buaa-blockchain version:1.0
2020-05-21 01:06:15.687  INFO 9796 --- [restartedMain] com.zaxxer.hikari.HikariDataSource       : HikariPool-1 - Starting...
2020-05-21 01:06:15.720  INFO 9796 --- [SpringContextShutdownHook] o.s.s.concurrent.ThreadPoolTaskExecutor  : Shutting down ExecutorService 'applicationTaskExecutor'
2020-05-21 01:06:15.879  INFO 9796 --- [restartedMain] com.zaxxer.hikari.HikariDataSource       : HikariPool-1 - Start completed.
2020-05-21 01:06:15.885 DEBUG 9796 --- [restartedMain] c.b.b.mapper.BlockMapper.findBlockNum    : ==>  Preparing: SELECT count(1) as num from block where hash = ? 
2020-05-21 01:06:15.902 DEBUG 9796 --- [restartedMain] c.b.b.mapper.BlockMapper.findBlockNum    : ==> Parameters: 5FECEB66FFC86F38D952786C6D696C79C2DBC239DD4E91B46729D73A27FB57E9(String)
2020-05-21 01:12:04.738  INFO 7700 --- [restartedMain] c.buaa.blockchain.BlockchainApplication  : Starting BlockchainApplication on DESKTOP-EMVOVM7 with PID 7700 (D:\Develop\PRJ\buaa-blockchain\target\classes started by 18910 in D:\Develop\PRJ\buaa-blockchain)
2020-05-21 01:12:04.741 DEBUG 7700 --- [restartedMain] c.buaa.blockchain.BlockchainApplication  : Running with Spring Boot v2.2.6.RELEASE, Spring v5.2.5.RELEASE
2020-05-21 01:12:04.741  INFO 7700 --- [restartedMain] c.buaa.blockchain.BlockchainApplication  : No active profile set, falling back to default profiles: default
2020-05-21 01:12:04.847  INFO 7700 --- [restartedMain] .e.DevToolsPropertyDefaultsPostProcessor : Devtools property defaults active! Set 'spring.devtools.add-properties' to 'false' to disable
2020-05-21 01:12:04.850  INFO 7700 --- [restartedMain] .e.DevToolsPropertyDefaultsPostProcessor : For additional web related logging consider setting the 'logging.level.web' property to 'DEBUG'
2020-05-21 01:12:06.071  INFO 7700 --- [restartedMain] .s.d.r.c.RepositoryConfigurationDelegate : Multiple Spring Data modules found, entering strict repository configuration mode!
2020-05-21 01:12:06.074  INFO 7700 --- [restartedMain] .s.d.r.c.RepositoryConfigurationDelegate : Bootstrapping Spring Data Redis repositories in DEFAULT mode.
2020-05-21 01:12:06.108  INFO 7700 --- [restartedMain] .s.d.r.c.RepositoryConfigurationDelegate : Finished Spring Data repository scanning in 21ms. Found 0 Redis repository interfaces.
2020-05-21 01:12:07.070  INFO 7700 --- [restartedMain] trationDelegate$BeanPostProcessorChecker : Bean 'redisConfig' of type [com.buaa.blockchain.redis.RedisConfig$$EnhancerBySpringCGLIB$$c1c92972] is not eligible for getting processed by all BeanPostProcessors (for example: not eligible for auto-proxying)
2020-05-21 01:12:07.554  INFO 7700 --- [restartedMain] o.s.b.w.embedded.tomcat.TomcatWebServer  : Tomcat initialized with port(s): 17800 (http)
2020-05-21 01:12:07.568  INFO 7700 --- [restartedMain] o.apache.catalina.core.StandardService   : Starting service [Tomcat]
2020-05-21 01:12:07.568  INFO 7700 --- [restartedMain] org.apache.catalina.core.StandardEngine  : Starting Servlet engine: [Apache Tomcat/9.0.33]
2020-05-21 01:12:07.572  INFO 7700 --- [restartedMain] o.a.catalina.core.AprLifecycleListener   : Loaded APR based Apache Tomcat Native library [1.2.23] using APR version [1.7.0].
2020-05-21 01:12:07.572  INFO 7700 --- [restartedMain] o.a.catalina.core.AprLifecycleListener   : APR capabilities: IPv6 [true], sendfile [true], accept filters [false], random [true].
2020-05-21 01:12:07.572  INFO 7700 --- [restartedMain] o.a.catalina.core.AprLifecycleListener   : APR/OpenSSL configuration: useAprConnector [false], useOpenSSL [true]
2020-05-21 01:12:07.575  INFO 7700 --- [restartedMain] o.a.catalina.core.AprLifecycleListener   : OpenSSL successfully initialized [OpenSSL 1.1.1c  28 May 2019]
2020-05-21 01:12:07.679  INFO 7700 --- [restartedMain] o.a.c.c.C.[Tomcat].[localhost].[/]       : Initializing Spring embedded WebApplicationContext
2020-05-21 01:12:07.680  INFO 7700 --- [restartedMain] o.s.web.context.ContextLoader            : Root WebApplicationContext: initialization completed in 2829 ms
2020-05-21 01:12:08.946  WARN 7700 --- [restartedMain] org.jgroups.stack.Configurator           : JGRP000014: BasicTCP.use_send_queues has been deprecated: will be removed in 4.0
2020-05-21 01:12:08.953  WARN 7700 --- [restartedMain] org.jgroups.stack.Configurator           : JGRP000014: TP.loopback has been deprecated: enabled by default
2020-05-21 01:12:08.960  WARN 7700 --- [restartedMain] org.jgroups.stack.Configurator           : JGRP000014: Discovery.timeout has been deprecated: GMS.join_timeout should be used instead
2020-05-21 01:12:08.960  WARN 7700 --- [restartedMain] org.jgroups.stack.Configurator           : JGRP000014: Discovery.num_initial_members has been deprecated: will be ignored
2020-05-21 01:12:16.943  WARN 7700 --- [restartedMain] c.b.b.message.JGroupsMessageImpl         : JGroupsMessageImpl(): init complete via jgroups-tcp.xml, address=192.168.0.104:7800
2020-05-21 01:12:17.288  INFO 7700 --- [restartedMain] leveldb                                  : New LevelDbDataSource: null
2020-05-21 01:12:17.579  INFO 7700 --- [restartedMain] o.s.s.concurrent.ThreadPoolTaskExecutor  : Initializing ExecutorService 'applicationTaskExecutor'
2020-05-21 01:12:18.131  INFO 7700 --- [restartedMain] o.s.b.d.a.OptionalLiveReloadServer       : LiveReload server is running on port 35729
2020-05-21 01:12:18.136  INFO 7700 --- [restartedMain] o.s.b.a.e.web.EndpointLinksResolver      : Exposing 2 endpoint(s) beneath base path '/actuator'
2020-05-21 01:12:18.231  INFO 7700 --- [restartedMain] o.s.b.w.embedded.tomcat.TomcatWebServer  : Tomcat started on port(s): 17800 (http) with context path ''
2020-05-21 01:12:18.236  INFO 7700 --- [restartedMain] c.buaa.blockchain.BlockchainApplication  : Started BlockchainApplication in 14.063 seconds (JVM running for 15.333)
2020-05-21 01:12:21.486  INFO 7700 --- [restartedMain] c.b.b.core.BlockchainServiceImpl         : initMessageServiceCallback(): init complete.
2020-05-21 01:12:27.722  INFO 7700 --- [restartedMain] c.b.b.core.BlockchainServiceImpl         : testMessageDigest(): init complete.
2020-05-21 01:12:29.374  INFO 7700 --- [restartedMain] c.b.b.core.BlockchainServiceImpl         : firstTimeSetup(): init complete. buaa-blockchain version:1.0
2020-05-21 01:12:38.067  INFO 7700 --- [restartedMain] com.zaxxer.hikari.HikariDataSource       : HikariPool-1 - Starting...
2020-05-21 01:12:38.480  INFO 7700 --- [restartedMain] com.zaxxer.hikari.HikariDataSource       : HikariPool-1 - Start completed.
2020-05-21 01:12:38.533 DEBUG 7700 --- [restartedMain] c.b.b.mapper.BlockMapper.findBlockNum    : ==>  Preparing: SELECT count(1) as num from block where hash = ? 
2020-05-21 01:12:38.757 DEBUG 7700 --- [restartedMain] c.b.b.mapper.BlockMapper.findBlockNum    : ==> Parameters: 5FECEB66FFC86F38D952786C6D696C79C2DBC239DD4E91B46729D73A27FB57E9(String)
2020-05-21 01:12:38.906 DEBUG 7700 --- [restartedMain] c.b.b.mapper.BlockMapper.findBlockNum    : <==      Total: 1
2020-05-21 01:12:42.911 DEBUG 7700 --- [restartedMain] c.b.b.mapper.BlockMapper.insertBlock     : ==>  Preparing: INSERT INTO block ( pre_hash, hash, merkle_root, state_root,pre_state_root, height, sign, timestamp,version,extra,tx_length) VALUES (?, ?, ?, ?, ?,?,?,?,?,?,?) 
2020-05-21 01:12:42.919 DEBUG 7700 --- [restartedMain] c.b.b.mapper.BlockMapper.insertBlock     : ==> Parameters: 1BAD6B8CF97131FCEAB8543E81F7757195FBB1D36B376EE994AD1CF17699C464(String), 5FECEB66FFC86F38D952786C6D696C79C2DBC239DD4E91B46729D73A27FB57E9(String), (String), 0(String), -1(String), 0(Integer), node1_sign(String), 2020-05-21 01:12:40(String), 1.0(String), (String), 0(Integer)
2020-05-21 01:12:42.934 DEBUG 7700 --- [restartedMain] c.b.b.mapper.BlockMapper.insertBlock     : <==    Updates: 1
2020-05-21 01:12:44.725  INFO 7700 --- [restartedMain] c.b.b.core.BlockchainServiceImpl         : firstTimeSetup(): Generate first block complete.
2020-05-21 01:12:49.010 DEBUG 7700 --- [restartedMain] c.b.b.mapper.BlockMapper.findMaxHeight   : ==>  Preparing: select max(height) from block 
2020-05-21 01:12:49.011 DEBUG 7700 --- [restartedMain] c.b.b.mapper.BlockMapper.findMaxHeight   : ==> Parameters: 
2020-05-21 01:12:49.022 DEBUG 7700 --- [restartedMain] c.b.b.mapper.BlockMapper.findMaxHeight   : <==      Total: 1
2020-05-21 01:13:00.153 DEBUG 7700 --- [restartedMain] c.b.b.m.BlockMapper.findPreHashByHeight  : ==>  Preparing: select hash from block where height = ? 
2020-05-21 01:13:00.156 DEBUG 7700 --- [restartedMain] c.b.b.m.BlockMapper.findPreHashByHeight  : ==> Parameters: 0(Integer)
2020-05-21 01:13:00.163 DEBUG 7700 --- [restartedMain] c.b.b.m.BlockMapper.findPreHashByHeight  : <==      Total: 1
2020-05-21 01:13:02.869  INFO 7700 --- [restartedMain] c.b.b.core.BlockchainServiceImpl         : startNewRound(): leaderNode=node1, height=1, round=0 try to build new block...
2020-05-21 01:13:03.853  INFO 7700 --- [restartedMain] io.lettuce.core.EpollProvider            : Starting without optional epoll library
2020-05-21 01:13:03.861  INFO 7700 --- [restartedMain] io.lettuce.core.KqueueProvider           : Starting without optional kqueue library
2020-05-21 01:13:04.576  INFO 7700 --- [restartedMain] c.b.b.core.BlockchainServiceImpl         : startNewRound(): no transaction found in txpool, wait for 2000ms.
2020-05-21 01:13:06.582  INFO 7700 --- [restartedMain] c.b.b.core.BlockchainServiceImpl         : startNewRound(): no transaction found in txpool, wait for 2000ms.
2020-05-21 01:13:08.588  INFO 7700 --- [restartedMain] c.b.b.core.BlockchainServiceImpl         : startNewRound(): no transaction found in txpool, wait for 2000ms.
2020-05-21 01:13:10.593  INFO 7700 --- [restartedMain] c.b.b.core.BlockchainServiceImpl         : startNewRound(): no transaction found in txpool, wait for 2000ms.
2020-05-21 01:13:12.599  INFO 7700 --- [restartedMain] c.b.b.core.BlockchainServiceImpl         : startNewRound(): no transaction found in txpool, wait for 2000ms.
2020-05-21 01:13:13.670  INFO 7700 --- [SpringContextShutdownHook] o.s.s.concurrent.ThreadPoolTaskExecutor  : Shutting down ExecutorService 'applicationTaskExecutor'
2020-05-21 01:13:13.674  INFO 7700 --- [SpringContextShutdownHook] com.zaxxer.hikari.HikariDataSource       : HikariPool-1 - Shutdown initiated...
2020-05-21 01:13:13.682  INFO 7700 --- [SpringContextShutdownHook] com.zaxxer.hikari.HikariDataSource       : HikariPool-1 - Shutdown completed.
2020-05-21 01:34:15.354  INFO 4388 --- [restartedMain] c.buaa.blockchain.BlockchainApplication  : Starting BlockchainApplication on DESKTOP-EMVOVM7 with PID 4388 (D:\Develop\PRJ\buaa-blockchain\target\classes started by 18910 in D:\Develop\PRJ\buaa-blockchain)
2020-05-21 01:34:15.357 DEBUG 4388 --- [restartedMain] c.buaa.blockchain.BlockchainApplication  : Running with Spring Boot v2.2.6.RELEASE, Spring v5.2.5.RELEASE
2020-05-21 01:34:15.357  INFO 4388 --- [restartedMain] c.buaa.blockchain.BlockchainApplication  : No active profile set, falling back to default profiles: default
2020-05-21 01:34:15.433  INFO 4388 --- [restartedMain] .e.DevToolsPropertyDefaultsPostProcessor : Devtools property defaults active! Set 'spring.devtools.add-properties' to 'false' to disable
2020-05-21 01:34:15.434  INFO 4388 --- [restartedMain] .e.DevToolsPropertyDefaultsPostProcessor : For additional web related logging consider setting the 'logging.level.web' property to 'DEBUG'
2020-05-21 01:34:16.690  INFO 4388 --- [restartedMain] .s.d.r.c.RepositoryConfigurationDelegate : Multiple Spring Data modules found, entering strict repository configuration mode!
2020-05-21 01:34:16.693  INFO 4388 --- [restartedMain] .s.d.r.c.RepositoryConfigurationDelegate : Bootstrapping Spring Data Redis repositories in DEFAULT mode.
2020-05-21 01:34:16.726  INFO 4388 --- [restartedMain] .s.d.r.c.RepositoryConfigurationDelegate : Finished Spring Data repository scanning in 18ms. Found 0 Redis repository interfaces.
2020-05-21 01:34:17.659  INFO 4388 --- [restartedMain] trationDelegate$BeanPostProcessorChecker : Bean 'redisConfig' of type [com.buaa.blockchain.redis.RedisConfig$$EnhancerBySpringCGLIB$$3ed4a16a] is not eligible for getting processed by all BeanPostProcessors (for example: not eligible for auto-proxying)
2020-05-21 01:34:18.157  INFO 4388 --- [restartedMain] o.s.b.w.embedded.tomcat.TomcatWebServer  : Tomcat initialized with port(s): 17800 (http)
2020-05-21 01:34:18.173  INFO 4388 --- [restartedMain] o.apache.catalina.core.StandardService   : Starting service [Tomcat]
2020-05-21 01:34:18.174  INFO 4388 --- [restartedMain] org.apache.catalina.core.StandardEngine  : Starting Servlet engine: [Apache Tomcat/9.0.33]
2020-05-21 01:34:18.178  INFO 4388 --- [restartedMain] o.a.catalina.core.AprLifecycleListener   : Loaded APR based Apache Tomcat Native library [1.2.23] using APR version [1.7.0].
2020-05-21 01:34:18.179  INFO 4388 --- [restartedMain] o.a.catalina.core.AprLifecycleListener   : APR capabilities: IPv6 [true], sendfile [true], accept filters [false], random [true].
2020-05-21 01:34:18.179  INFO 4388 --- [restartedMain] o.a.catalina.core.AprLifecycleListener   : APR/OpenSSL configuration: useAprConnector [false], useOpenSSL [true]
2020-05-21 01:34:18.183  INFO 4388 --- [restartedMain] o.a.catalina.core.AprLifecycleListener   : OpenSSL successfully initialized [OpenSSL 1.1.1c  28 May 2019]
2020-05-21 01:34:18.295  INFO 4388 --- [restartedMain] o.a.c.c.C.[Tomcat].[localhost].[/]       : Initializing Spring embedded WebApplicationContext
2020-05-21 01:34:18.295  INFO 4388 --- [restartedMain] o.s.web.context.ContextLoader            : Root WebApplicationContext: initialization completed in 2850 ms
2020-05-21 01:34:19.461  WARN 4388 --- [restartedMain] org.jgroups.stack.Configurator           : JGRP000014: BasicTCP.use_send_queues has been deprecated: will be removed in 4.0
2020-05-21 01:34:19.466  WARN 4388 --- [restartedMain] org.jgroups.stack.Configurator           : JGRP000014: TP.loopback has been deprecated: enabled by default
2020-05-21 01:34:19.472  WARN 4388 --- [restartedMain] org.jgroups.stack.Configurator           : JGRP000014: Discovery.timeout has been deprecated: GMS.join_timeout should be used instead
2020-05-21 01:34:19.472  WARN 4388 --- [restartedMain] org.jgroups.stack.Configurator           : JGRP000014: Discovery.num_initial_members has been deprecated: will be ignored
2020-05-21 01:34:27.409  WARN 4388 --- [restartedMain] c.b.b.message.JGroupsMessageImpl         : JGroupsMessageImpl(): init complete via jgroups-tcp.xml, address=192.168.0.104:7800
2020-05-21 01:34:27.711  INFO 4388 --- [restartedMain] leveldb                                  : New LevelDbDataSource: null
2020-05-21 01:34:27.995  INFO 4388 --- [restartedMain] o.s.s.concurrent.ThreadPoolTaskExecutor  : Initializing ExecutorService 'applicationTaskExecutor'
2020-05-21 01:34:28.531  INFO 4388 --- [restartedMain] o.s.b.d.a.OptionalLiveReloadServer       : LiveReload server is running on port 35729
2020-05-21 01:34:28.537  INFO 4388 --- [restartedMain] o.s.b.a.e.web.EndpointLinksResolver      : Exposing 2 endpoint(s) beneath base path '/actuator'
2020-05-21 01:34:28.644  INFO 4388 --- [restartedMain] o.s.b.w.embedded.tomcat.TomcatWebServer  : Tomcat started on port(s): 17800 (http) with context path ''
2020-05-21 01:34:28.649  INFO 4388 --- [restartedMain] c.buaa.blockchain.BlockchainApplication  : Started BlockchainApplication in 13.786 seconds (JVM running for 15.599)
2020-05-21 01:34:33.745  INFO 4388 --- [restartedMain] c.b.b.core.BlockchainServiceImpl         : initMessageServiceCallback(): init complete.
2020-05-21 01:34:34.705  INFO 4388 --- [restartedMain] c.b.b.core.BlockchainServiceImpl         : testMessageDigest(): init complete.
2020-05-21 01:34:35.254  INFO 4388 --- [restartedMain] c.b.b.core.BlockchainServiceImpl         : firstTimeSetup(): init complete. buaa-blockchain version:1.0
2020-05-21 01:34:35.777  INFO 4388 --- [restartedMain] com.zaxxer.hikari.HikariDataSource       : HikariPool-1 - Starting...
2020-05-21 01:34:36.153  INFO 4388 --- [restartedMain] com.zaxxer.hikari.HikariDataSource       : HikariPool-1 - Start completed.
2020-05-21 01:34:36.205 DEBUG 4388 --- [restartedMain] c.b.b.mapper.BlockMapper.findBlockNum    : ==>  Preparing: SELECT count(1) as num from block where hash = ? 
2020-05-21 01:34:36.419 DEBUG 4388 --- [restartedMain] c.b.b.mapper.BlockMapper.findBlockNum    : ==> Parameters: 5FECEB66FFC86F38D952786C6D696C79C2DBC239DD4E91B46729D73A27FB57E9(String)
2020-05-21 01:34:36.562 DEBUG 4388 --- [restartedMain] c.b.b.mapper.BlockMapper.findBlockNum    : <==      Total: 1
2020-05-21 01:34:37.803 DEBUG 4388 --- [restartedMain] c.b.b.mapper.BlockMapper.findMaxHeight   : ==>  Preparing: select max(height) from block 
2020-05-21 01:34:37.804 DEBUG 4388 --- [restartedMain] c.b.b.mapper.BlockMapper.findMaxHeight   : ==> Parameters: 
2020-05-21 01:34:37.813 DEBUG 4388 --- [restartedMain] c.b.b.mapper.BlockMapper.findMaxHeight   : <==      Total: 1
2020-05-21 01:34:39.274 DEBUG 4388 --- [restartedMain] c.b.b.m.BlockMapper.findPreHashByHeight  : ==>  Preparing: select hash from block where height = ? 
2020-05-21 01:34:39.275 DEBUG 4388 --- [restartedMain] c.b.b.m.BlockMapper.findPreHashByHeight  : ==> Parameters: 0(Integer)
2020-05-21 01:34:39.281 DEBUG 4388 --- [restartedMain] c.b.b.m.BlockMapper.findPreHashByHeight  : <==      Total: 1
2020-05-21 01:34:42.386  INFO 4388 --- [restartedMain] c.b.b.core.BlockchainServiceImpl         : startNewRound(): leaderNode=node1, height=1, round=0 try to build new block...
2020-05-21 01:34:48.831  INFO 4388 --- [restartedMain] io.lettuce.core.EpollProvider            : Starting without optional epoll library
2020-05-21 01:34:48.834  INFO 4388 --- [restartedMain] io.lettuce.core.KqueueProvider           : Starting without optional kqueue library
2020-05-21 01:34:49.351  INFO 4388 --- [restartedMain] c.b.b.core.BlockchainServiceImpl         : startNewRound(): no transaction found in txpool, wait for 2000ms.
2020-05-21 01:34:51.353  INFO 4388 --- [restartedMain] c.b.b.core.BlockchainServiceImpl         : startNewRound(): no transaction found in txpool, wait for 2000ms.
2020-05-21 01:34:53.354  INFO 4388 --- [restartedMain] c.b.b.core.BlockchainServiceImpl         : startNewRound(): no transaction found in txpool, wait for 2000ms.
2020-05-21 01:34:55.358  INFO 4388 --- [restartedMain] c.b.b.core.BlockchainServiceImpl         : startNewRound(): no transaction found in txpool, wait for 2000ms.
2020-05-21 01:34:57.359  INFO 4388 --- [restartedMain] c.b.b.core.BlockchainServiceImpl         : startNewRound(): no transaction found in txpool, wait for 2000ms.
2020-05-21 01:34:59.361  INFO 4388 --- [restartedMain] c.b.b.core.BlockchainServiceImpl         : startNewRound(): no transaction found in txpool, wait for 2000ms.
2020-05-21 01:35:07.967  INFO 4388 --- [restartedMain] c.b.b.core.BlockchainServiceImpl         : startNewRound(): no transaction found in txpool, wait for 2000ms.
2020-05-21 01:35:09.970  INFO 4388 --- [restartedMain] c.b.b.core.BlockchainServiceImpl         : startNewRound(): no transaction found in txpool, wait for 2000ms.
2020-05-21 01:35:11.972  INFO 4388 --- [restartedMain] c.b.b.core.BlockchainServiceImpl         : startNewRound(): no transaction found in txpool, wait for 2000ms.
2020-05-21 01:35:13.974  INFO 4388 --- [restartedMain] c.b.b.core.BlockchainServiceImpl         : startNewRound(): no transaction found in txpool, wait for 2000ms.
2020-05-21 01:35:15.977  INFO 4388 --- [restartedMain] c.b.b.core.BlockchainServiceImpl         : startNewRound(): no transaction found in txpool, wait for 2000ms.
2020-05-21 01:35:17.980  INFO 4388 --- [restartedMain] c.b.b.core.BlockchainServiceImpl         : startNewRound(): no transaction found in txpool, wait for 2000ms.
2020-05-21 01:35:19.982  INFO 4388 --- [restartedMain] c.b.b.core.BlockchainServiceImpl         : startNewRound(): no transaction found in txpool, wait for 2000ms.
2020-05-21 01:35:21.986  INFO 4388 --- [restartedMain] c.b.b.core.BlockchainServiceImpl         : startNewRound(): no transaction found in txpool, wait for 2000ms.
2020-05-21 01:35:23.991  INFO 4388 --- [restartedMain] c.b.b.core.BlockchainServiceImpl         : startNewRound(): no transaction found in txpool, wait for 2000ms.
2020-05-21 01:35:25.994  INFO 4388 --- [restartedMain] c.b.b.core.BlockchainServiceImpl         : startNewRound(): no transaction found in txpool, wait for 2000ms.
2020-05-21 01:35:27.997  INFO 4388 --- [restartedMain] c.b.b.core.BlockchainServiceImpl         : startNewRound(): no transaction found in txpool, wait for 2000ms.
2020-05-21 01:35:30.001  INFO 4388 --- [restartedMain] c.b.b.core.BlockchainServiceImpl         : startNewRound(): no transaction found in txpool, wait for 2000ms.
2020-05-21 01:35:32.005  INFO 4388 --- [restartedMain] c.b.b.core.BlockchainServiceImpl         : startNewRound(): no transaction found in txpool, wait for 2000ms.
2020-05-21 01:35:34.006  INFO 4388 --- [restartedMain] c.b.b.core.BlockchainServiceImpl         : startNewRound(): no transaction found in txpool, wait for 2000ms.
2020-05-21 01:35:36.043  INFO 4388 --- [restartedMain] c.b.b.core.BlockchainServiceImpl         : startNewRound(): no transaction found in txpool, wait for 2000ms.
2020-05-21 01:35:38.109  INFO 4388 --- [restartedMain] c.b.b.core.BlockchainServiceImpl         : startNewRound(): no transaction found in txpool, wait for 2000ms.
2020-05-21 01:35:40.111  INFO 4388 --- [restartedMain] c.b.b.core.BlockchainServiceImpl         : startNewRound(): no transaction found in txpool, wait for 2000ms.
2020-05-21 01:35:42.113  INFO 4388 --- [restartedMain] c.b.b.core.BlockchainServiceImpl         : startNewRound(): no transaction found in txpool, wait for 2000ms.
2020-05-21 01:35:44.115  INFO 4388 --- [restartedMain] c.b.b.core.BlockchainServiceImpl         : startNewRound(): no transaction found in txpool, wait for 2000ms.
2020-05-21 01:35:46.117  INFO 4388 --- [restartedMain] c.b.b.core.BlockchainServiceImpl         : startNewRound(): no transaction found in txpool, wait for 2000ms.
2020-05-21 01:35:48.118  INFO 4388 --- [restartedMain] c.b.b.core.BlockchainServiceImpl         : startNewRound(): no transaction found in txpool, wait for 2000ms.
2020-05-21 01:35:50.120  INFO 4388 --- [restartedMain] c.b.b.core.BlockchainServiceImpl         : startNewRound(): no transaction found in txpool, wait for 2000ms.
2020-05-21 01:35:52.122  INFO 4388 --- [restartedMain] c.b.b.core.BlockchainServiceImpl         : startNewRound(): no transaction found in txpool, wait for 2000ms.
2020-05-21 01:35:54.125  INFO 4388 --- [restartedMain] c.b.b.core.BlockchainServiceImpl         : startNewRound(): no transaction found in txpool, wait for 2000ms.
2020-05-21 01:35:56.128  INFO 4388 --- [restartedMain] c.b.b.core.BlockchainServiceImpl         : startNewRound(): no transaction found in txpool, wait for 2000ms.
2020-05-21 01:35:58.130  INFO 4388 --- [restartedMain] c.b.b.core.BlockchainServiceImpl         : startNewRound(): no transaction found in txpool, wait for 2000ms.
2020-05-21 01:36:00.134  INFO 4388 --- [restartedMain] c.b.b.core.BlockchainServiceImpl         : startNewRound(): no transaction found in txpool, wait for 2000ms.
2020-05-21 01:36:02.138  INFO 4388 --- [restartedMain] c.b.b.core.BlockchainServiceImpl         : startNewRound(): no transaction found in txpool, wait for 2000ms.
2020-05-21 01:36:04.141  INFO 4388 --- [restartedMain] c.b.b.core.BlockchainServiceImpl         : startNewRound(): no transaction found in txpool, wait for 2000ms.
2020-05-21 01:36:06.145  INFO 4388 --- [restartedMain] c.b.b.core.BlockchainServiceImpl         : startNewRound(): no transaction found in txpool, wait for 2000ms.
2020-05-21 01:36:08.145  INFO 4388 --- [restartedMain] c.b.b.core.BlockchainServiceImpl         : startNewRound(): no transaction found in txpool, wait for 2000ms.
2020-05-21 01:36:10.147  INFO 4388 --- [restartedMain] c.b.b.core.BlockchainServiceImpl         : startNewRound(): no transaction found in txpool, wait for 2000ms.
2020-05-21 01:36:12.148  INFO 4388 --- [restartedMain] c.b.b.core.BlockchainServiceImpl         : startNewRound(): no transaction found in txpool, wait for 2000ms.
2020-05-21 01:36:14.151  INFO 4388 --- [restartedMain] c.b.b.core.BlockchainServiceImpl         : startNewRound(): no transaction found in txpool, wait for 2000ms.
2020-05-21 01:36:16.154  INFO 4388 --- [restartedMain] c.b.b.core.BlockchainServiceImpl         : startNewRound(): no transaction found in txpool, wait for 2000ms.
2020-05-21 01:36:18.158  INFO 4388 --- [restartedMain] c.b.b.core.BlockchainServiceImpl         : startNewRound(): no transaction found in txpool, wait for 2000ms.
2020-05-21 01:36:20.160  INFO 4388 --- [restartedMain] c.b.b.core.BlockchainServiceImpl         : startNewRound(): no transaction found in txpool, wait for 2000ms.
2020-05-21 01:36:22.163  INFO 4388 --- [restartedMain] c.b.b.core.BlockchainServiceImpl         : startNewRound(): no transaction found in txpool, wait for 2000ms.
2020-05-21 01:36:24.164  INFO 4388 --- [restartedMain] c.b.b.core.BlockchainServiceImpl         : startNewRound(): no transaction found in txpool, wait for 2000ms.
2020-05-21 01:36:26.166  INFO 4388 --- [restartedMain] c.b.b.core.BlockchainServiceImpl         : startNewRound(): no transaction found in txpool, wait for 2000ms.
2020-05-21 01:36:28.181  INFO 4388 --- [restartedMain] c.b.b.core.BlockchainServiceImpl         : startNewRound(): no transaction found in txpool, wait for 2000ms.
2020-05-21 01:37:02.256 ERROR 4388 --- [restartedMain] c.buaa.blockchain.BlockchainApplication  : run(): fatal error!
2020-05-21 01:37:34.108  INFO 4388 --- [SpringContextShutdownHook] o.s.s.concurrent.ThreadPoolTaskExecutor  : Shutting down ExecutorService 'applicationTaskExecutor'
2020-05-21 01:37:34.109  INFO 4388 --- [SpringContextShutdownHook] com.zaxxer.hikari.HikariDataSource       : HikariPool-1 - Shutdown initiated...
2020-05-21 01:37:34.124  INFO 4388 --- [SpringContextShutdownHook] com.zaxxer.hikari.HikariDataSource       : HikariPool-1 - Shutdown completed.
2020-05-21 01:37:38.268  INFO 16620 --- [restartedMain] c.buaa.blockchain.BlockchainApplication  : Starting BlockchainApplication on DESKTOP-EMVOVM7 with PID 16620 (D:\Develop\PRJ\buaa-blockchain\target\classes started by 18910 in D:\Develop\PRJ\buaa-blockchain)
2020-05-21 01:37:38.271 DEBUG 16620 --- [restartedMain] c.buaa.blockchain.BlockchainApplication  : Running with Spring Boot v2.2.6.RELEASE, Spring v5.2.5.RELEASE
2020-05-21 01:37:38.272  INFO 16620 --- [restartedMain] c.buaa.blockchain.BlockchainApplication  : No active profile set, falling back to default profiles: default
2020-05-21 01:37:38.391  INFO 16620 --- [restartedMain] .e.DevToolsPropertyDefaultsPostProcessor : Devtools property defaults active! Set 'spring.devtools.add-properties' to 'false' to disable
2020-05-21 01:37:38.392  INFO 16620 --- [restartedMain] .e.DevToolsPropertyDefaultsPostProcessor : For additional web related logging consider setting the 'logging.level.web' property to 'DEBUG'
2020-05-21 01:37:39.798  INFO 16620 --- [restartedMain] .s.d.r.c.RepositoryConfigurationDelegate : Multiple Spring Data modules found, entering strict repository configuration mode!
2020-05-21 01:37:39.801  INFO 16620 --- [restartedMain] .s.d.r.c.RepositoryConfigurationDelegate : Bootstrapping Spring Data Redis repositories in DEFAULT mode.
2020-05-21 01:37:39.835  INFO 16620 --- [restartedMain] .s.d.r.c.RepositoryConfigurationDelegate : Finished Spring Data repository scanning in 19ms. Found 0 Redis repository interfaces.
2020-05-21 01:37:40.816  INFO 16620 --- [restartedMain] trationDelegate$BeanPostProcessorChecker : Bean 'redisConfig' of type [com.buaa.blockchain.redis.RedisConfig$$EnhancerBySpringCGLIB$$6dcb0bdf] is not eligible for getting processed by all BeanPostProcessors (for example: not eligible for auto-proxying)
2020-05-21 01:37:41.315  INFO 16620 --- [restartedMain] o.s.b.w.embedded.tomcat.TomcatWebServer  : Tomcat initialized with port(s): 17800 (http)
2020-05-21 01:37:41.330  INFO 16620 --- [restartedMain] o.apache.catalina.core.StandardService   : Starting service [Tomcat]
2020-05-21 01:37:41.330  INFO 16620 --- [restartedMain] org.apache.catalina.core.StandardEngine  : Starting Servlet engine: [Apache Tomcat/9.0.33]
2020-05-21 01:37:41.335  INFO 16620 --- [restartedMain] o.a.catalina.core.AprLifecycleListener   : Loaded APR based Apache Tomcat Native library [1.2.23] using APR version [1.7.0].
2020-05-21 01:37:41.335  INFO 16620 --- [restartedMain] o.a.catalina.core.AprLifecycleListener   : APR capabilities: IPv6 [true], sendfile [true], accept filters [false], random [true].
2020-05-21 01:37:41.335  INFO 16620 --- [restartedMain] o.a.catalina.core.AprLifecycleListener   : APR/OpenSSL configuration: useAprConnector [false], useOpenSSL [true]
2020-05-21 01:37:41.338  INFO 16620 --- [restartedMain] o.a.catalina.core.AprLifecycleListener   : OpenSSL successfully initialized [OpenSSL 1.1.1c  28 May 2019]
2020-05-21 01:37:41.441  INFO 16620 --- [restartedMain] o.a.c.c.C.[Tomcat].[localhost].[/]       : Initializing Spring embedded WebApplicationContext
2020-05-21 01:37:41.441  INFO 16620 --- [restartedMain] o.s.web.context.ContextLoader            : Root WebApplicationContext: initialization completed in 3049 ms
2020-05-21 01:37:42.680  WARN 16620 --- [restartedMain] org.jgroups.stack.Configurator           : JGRP000014: BasicTCP.use_send_queues has been deprecated: will be removed in 4.0
2020-05-21 01:37:42.685  WARN 16620 --- [restartedMain] org.jgroups.stack.Configurator           : JGRP000014: TP.loopback has been deprecated: enabled by default
2020-05-21 01:37:42.691  WARN 16620 --- [restartedMain] org.jgroups.stack.Configurator           : JGRP000014: Discovery.timeout has been deprecated: GMS.join_timeout should be used instead
2020-05-21 01:37:42.691  WARN 16620 --- [restartedMain] org.jgroups.stack.Configurator           : JGRP000014: Discovery.num_initial_members has been deprecated: will be ignored
2020-05-21 01:37:50.701  WARN 16620 --- [restartedMain] c.b.b.message.JGroupsMessageImpl         : JGroupsMessageImpl(): init complete via jgroups-tcp.xml, address=192.168.0.104:7800
2020-05-21 01:37:51.021  INFO 16620 --- [restartedMain] leveldb                                  : New LevelDbDataSource: null
2020-05-21 01:37:51.292  INFO 16620 --- [restartedMain] o.s.s.concurrent.ThreadPoolTaskExecutor  : Initializing ExecutorService 'applicationTaskExecutor'
2020-05-21 01:37:51.811  INFO 16620 --- [restartedMain] o.s.b.d.a.OptionalLiveReloadServer       : LiveReload server is running on port 35729
2020-05-21 01:37:51.817  INFO 16620 --- [restartedMain] o.s.b.a.e.web.EndpointLinksResolver      : Exposing 2 endpoint(s) beneath base path '/actuator'
2020-05-21 01:37:51.912  INFO 16620 --- [restartedMain] o.s.b.w.embedded.tomcat.TomcatWebServer  : Tomcat started on port(s): 17800 (http) with context path ''
2020-05-21 01:37:51.917  INFO 16620 --- [restartedMain] c.buaa.blockchain.BlockchainApplication  : Started BlockchainApplication in 14.295 seconds (JVM running for 15.794)
2020-05-21 01:38:58.573  INFO 16620 --- [restartedMain] c.b.b.core.BlockchainServiceImpl         : initMessageServiceCallback(): init complete.
2020-05-21 01:38:58.579  INFO 16620 --- [restartedMain] c.b.b.core.BlockchainServiceImpl         : testMessageDigest(): init complete.
2020-05-21 01:38:58.580  INFO 16620 --- [restartedMain] c.b.b.core.BlockchainServiceImpl         : firstTimeSetup(): init complete. buaa-blockchain version:1.0
2020-05-21 01:38:58.638  INFO 16620 --- [restartedMain] com.zaxxer.hikari.HikariDataSource       : HikariPool-1 - Starting...
2020-05-21 01:38:58.842  INFO 16620 --- [restartedMain] com.zaxxer.hikari.HikariDataSource       : HikariPool-1 - Start completed.
2020-05-21 01:38:58.849 DEBUG 16620 --- [restartedMain] c.b.b.mapper.BlockMapper.findBlockNum    : ==>  Preparing: SELECT count(1) as num from block where hash = ? 
2020-05-21 01:38:58.869 DEBUG 16620 --- [restartedMain] c.b.b.mapper.BlockMapper.findBlockNum    : ==> Parameters: 5FECEB66FFC86F38D952786C6D696C79C2DBC239DD4E91B46729D73A27FB57E9(String)
2020-05-21 01:38:58.885 DEBUG 16620 --- [restartedMain] c.b.b.mapper.BlockMapper.findBlockNum    : <==      Total: 1
2020-05-21 01:38:58.902 DEBUG 16620 --- [restartedMain] c.b.b.mapper.BlockMapper.findMaxHeight   : ==>  Preparing: select max(height) from block 
2020-05-21 01:38:58.903 DEBUG 16620 --- [restartedMain] c.b.b.mapper.BlockMapper.findMaxHeight   : ==> Parameters: 
2020-05-21 01:38:58.905 DEBUG 16620 --- [restartedMain] c.b.b.mapper.BlockMapper.findMaxHeight   : <==      Total: 1
2020-05-21 01:38:58.907 DEBUG 16620 --- [restartedMain] c.b.b.m.BlockMapper.findPreHashByHeight  : ==>  Preparing: select hash from block where height = ? 
2020-05-21 01:38:58.908 DEBUG 16620 --- [restartedMain] c.b.b.m.BlockMapper.findPreHashByHeight  : ==> Parameters: 0(Integer)
2020-05-21 01:38:58.909 DEBUG 16620 --- [restartedMain] c.b.b.m.BlockMapper.findPreHashByHeight  : <==      Total: 1
2020-05-21 01:39:01.474  INFO 16620 --- [restartedMain] c.b.b.core.BlockchainServiceImpl         : startNewRound(): leaderNode=node1, height=1, round=0 try to build new block...
2020-05-21 01:39:03.653  INFO 16620 --- [restartedMain] io.lettuce.core.EpollProvider            : Starting without optional epoll library
2020-05-21 01:39:03.662  INFO 16620 --- [restartedMain] io.lettuce.core.KqueueProvider           : Starting without optional kqueue library
2020-05-21 01:39:47.038 ERROR 16620 --- [restartedMain] c.buaa.blockchain.BlockchainApplication  : run(): fatal error!
2020-05-21 01:41:32.901  WARN 16620 --- [HikariPool-1 housekeeper] com.zaxxer.hikari.pool.HikariPool        : HikariPool-1 - Thread starvation or clock leap detected (housekeeper delta=1m58s797ms386µs200ns).
2020-05-21 01:41:32.942  INFO 16620 --- [SpringContextShutdownHook] o.s.s.concurrent.ThreadPoolTaskExecutor  : Shutting down ExecutorService 'applicationTaskExecutor'
2020-05-21 01:41:32.943  INFO 16620 --- [SpringContextShutdownHook] com.zaxxer.hikari.HikariDataSource       : HikariPool-1 - Shutdown initiated...
2020-05-21 01:41:32.951  INFO 16620 --- [SpringContextShutdownHook] com.zaxxer.hikari.HikariDataSource       : HikariPool-1 - Shutdown completed.
2020-05-21 01:41:39.421  INFO 11996 --- [restartedMain] c.buaa.blockchain.BlockchainApplication  : Starting BlockchainApplication on DESKTOP-EMVOVM7 with PID 11996 (D:\Develop\PRJ\buaa-blockchain\target\classes started by 18910 in D:\Develop\PRJ\buaa-blockchain)
2020-05-21 01:41:39.424 DEBUG 11996 --- [restartedMain] c.buaa.blockchain.BlockchainApplication  : Running with Spring Boot v2.2.6.RELEASE, Spring v5.2.5.RELEASE
2020-05-21 01:41:39.425  INFO 11996 --- [restartedMain] c.buaa.blockchain.BlockchainApplication  : No active profile set, falling back to default profiles: default
2020-05-21 01:41:39.545  INFO 11996 --- [restartedMain] .e.DevToolsPropertyDefaultsPostProcessor : Devtools property defaults active! Set 'spring.devtools.add-properties' to 'false' to disable
2020-05-21 01:41:39.545  INFO 11996 --- [restartedMain] .e.DevToolsPropertyDefaultsPostProcessor : For additional web related logging consider setting the 'logging.level.web' property to 'DEBUG'
2020-05-21 01:41:40.772  INFO 11996 --- [restartedMain] .s.d.r.c.RepositoryConfigurationDelegate : Multiple Spring Data modules found, entering strict repository configuration mode!
2020-05-21 01:41:40.774  INFO 11996 --- [restartedMain] .s.d.r.c.RepositoryConfigurationDelegate : Bootstrapping Spring Data Redis repositories in DEFAULT mode.
2020-05-21 01:41:40.808  INFO 11996 --- [restartedMain] .s.d.r.c.RepositoryConfigurationDelegate : Finished Spring Data repository scanning in 18ms. Found 0 Redis repository interfaces.
2020-05-21 01:41:41.680  INFO 11996 --- [restartedMain] trationDelegate$BeanPostProcessorChecker : Bean 'redisConfig' of type [com.buaa.blockchain.redis.RedisConfig$$EnhancerBySpringCGLIB$$e971e458] is not eligible for getting processed by all BeanPostProcessors (for example: not eligible for auto-proxying)
2020-05-21 01:41:42.129  INFO 11996 --- [restartedMain] o.s.b.w.embedded.tomcat.TomcatWebServer  : Tomcat initialized with port(s): 17800 (http)
2020-05-21 01:41:42.140  INFO 11996 --- [restartedMain] o.apache.catalina.core.StandardService   : Starting service [Tomcat]
2020-05-21 01:41:42.140  INFO 11996 --- [restartedMain] org.apache.catalina.core.StandardEngine  : Starting Servlet engine: [Apache Tomcat/9.0.33]
2020-05-21 01:41:42.144  INFO 11996 --- [restartedMain] o.a.catalina.core.AprLifecycleListener   : Loaded APR based Apache Tomcat Native library [1.2.23] using APR version [1.7.0].
2020-05-21 01:41:42.144  INFO 11996 --- [restartedMain] o.a.catalina.core.AprLifecycleListener   : APR capabilities: IPv6 [true], sendfile [true], accept filters [false], random [true].
2020-05-21 01:41:42.144  INFO 11996 --- [restartedMain] o.a.catalina.core.AprLifecycleListener   : APR/OpenSSL configuration: useAprConnector [false], useOpenSSL [true]
2020-05-21 01:41:42.147  INFO 11996 --- [restartedMain] o.a.catalina.core.AprLifecycleListener   : OpenSSL successfully initialized [OpenSSL 1.1.1c  28 May 2019]
2020-05-21 01:41:42.246  INFO 11996 --- [restartedMain] o.a.c.c.C.[Tomcat].[localhost].[/]       : Initializing Spring embedded WebApplicationContext
2020-05-21 01:41:42.247  INFO 11996 --- [restartedMain] o.s.web.context.ContextLoader            : Root WebApplicationContext: initialization completed in 2701 ms
2020-05-21 01:41:43.398  WARN 11996 --- [restartedMain] org.jgroups.stack.Configurator           : JGRP000014: BasicTCP.use_send_queues has been deprecated: will be removed in 4.0
2020-05-21 01:41:43.405  WARN 11996 --- [restartedMain] org.jgroups.stack.Configurator           : JGRP000014: TP.loopback has been deprecated: enabled by default
2020-05-21 01:41:43.410  WARN 11996 --- [restartedMain] org.jgroups.stack.Configurator           : JGRP000014: Discovery.timeout has been deprecated: GMS.join_timeout should be used instead
2020-05-21 01:41:43.410  WARN 11996 --- [restartedMain] org.jgroups.stack.Configurator           : JGRP000014: Discovery.num_initial_members has been deprecated: will be ignored
2020-05-21 01:41:51.372  WARN 11996 --- [restartedMain] c.b.b.message.JGroupsMessageImpl         : JGroupsMessageImpl(): init complete via jgroups-tcp.xml, address=192.168.0.104:7800
2020-05-21 01:41:51.764  INFO 11996 --- [restartedMain] leveldb                                  : New LevelDbDataSource: null
2020-05-21 01:41:52.039  INFO 11996 --- [restartedMain] o.s.s.concurrent.ThreadPoolTaskExecutor  : Initializing ExecutorService 'applicationTaskExecutor'
2020-05-21 01:41:52.565  INFO 11996 --- [restartedMain] o.s.b.d.a.OptionalLiveReloadServer       : LiveReload server is running on port 35729
2020-05-21 01:41:52.571  INFO 11996 --- [restartedMain] o.s.b.a.e.web.EndpointLinksResolver      : Exposing 2 endpoint(s) beneath base path '/actuator'
2020-05-21 01:41:52.671  INFO 11996 --- [restartedMain] o.s.b.w.embedded.tomcat.TomcatWebServer  : Tomcat started on port(s): 17800 (http) with context path ''
2020-05-21 01:41:52.676  INFO 11996 --- [restartedMain] c.buaa.blockchain.BlockchainApplication  : Started BlockchainApplication in 13.88 seconds (JVM running for 14.783)
2020-05-21 01:41:54.165  INFO 11996 --- [restartedMain] c.b.b.core.BlockchainServiceImpl         : initMessageServiceCallback(): init complete.
2020-05-21 01:41:54.170  INFO 11996 --- [restartedMain] c.b.b.core.BlockchainServiceImpl         : testMessageDigest(): init complete.
2020-05-21 01:41:54.170  INFO 11996 --- [restartedMain] c.b.b.core.BlockchainServiceImpl         : firstTimeSetup(): init complete. buaa-blockchain version:1.0
2020-05-21 01:41:54.206  INFO 11996 --- [restartedMain] com.zaxxer.hikari.HikariDataSource       : HikariPool-1 - Starting...
2020-05-21 01:41:54.444  INFO 11996 --- [restartedMain] com.zaxxer.hikari.HikariDataSource       : HikariPool-1 - Start completed.
2020-05-21 01:41:54.452 DEBUG 11996 --- [restartedMain] c.b.b.mapper.BlockMapper.findBlockNum    : ==>  Preparing: SELECT count(1) as num from block where hash = ? 
2020-05-21 01:41:54.472 DEBUG 11996 --- [restartedMain] c.b.b.mapper.BlockMapper.findBlockNum    : ==> Parameters: 5FECEB66FFC86F38D952786C6D696C79C2DBC239DD4E91B46729D73A27FB57E9(String)
2020-05-21 01:41:54.487 DEBUG 11996 --- [restartedMain] c.b.b.mapper.BlockMapper.findBlockNum    : <==      Total: 1
2020-05-21 01:41:54.505 DEBUG 11996 --- [restartedMain] c.b.b.mapper.BlockMapper.findMaxHeight   : ==>  Preparing: select max(height) from block 
2020-05-21 01:41:54.505 DEBUG 11996 --- [restartedMain] c.b.b.mapper.BlockMapper.findMaxHeight   : ==> Parameters: 
2020-05-21 01:41:54.508 DEBUG 11996 --- [restartedMain] c.b.b.mapper.BlockMapper.findMaxHeight   : <==      Total: 1
2020-05-21 01:41:54.510 DEBUG 11996 --- [restartedMain] c.b.b.m.BlockMapper.findPreHashByHeight  : ==>  Preparing: select hash from block where height = ? 
2020-05-21 01:41:54.510 DEBUG 11996 --- [restartedMain] c.b.b.m.BlockMapper.findPreHashByHeight  : ==> Parameters: 0(Integer)
2020-05-21 01:41:54.511 DEBUG 11996 --- [restartedMain] c.b.b.m.BlockMapper.findPreHashByHeight  : <==      Total: 1
2020-05-21 01:41:56.923  INFO 11996 --- [restartedMain] c.b.b.core.BlockchainServiceImpl         : startNewRound(): leaderNode=node1, height=1, round=0 try to build new block...
2020-05-21 01:41:58.385  INFO 11996 --- [restartedMain] io.lettuce.core.EpollProvider            : Starting without optional epoll library
2020-05-21 01:41:58.394  INFO 11996 --- [restartedMain] io.lettuce.core.KqueueProvider           : Starting without optional kqueue library
2020-05-21 01:42:49.696 DEBUG 11996 --- [restartedMain] c.b.b.m.T.findTransByHash                : ==>  Preparing: select tran_hash,block_hash,type,timestamp,sequence,sign,version,extra,data,tranSeq from transaction where tran_hash = ? 
2020-05-21 01:42:49.698 DEBUG 11996 --- [restartedMain] c.b.b.m.T.findTransByHash                : ==> Parameters: 1589996188281(String)
2020-05-21 01:42:49.703 DEBUG 11996 --- [restartedMain] c.b.b.m.T.findTransByHash                : <==      Total: 0
2020-05-21 01:43:01.809  INFO 11996 --- [restartedMain] c.b.b.core.BlockchainServiceImpl         : createNewBlock(): Get valid transaction list, size=1
2020-05-21 01:43:17.647 DEBUG 11996 --- [restartedMain] c.b.b.mapper.BlockMapper.findMaxHeight   : ==>  Preparing: select max(height) from block 
2020-05-21 01:43:17.648 DEBUG 11996 --- [restartedMain] c.b.b.mapper.BlockMapper.findMaxHeight   : ==> Parameters: 
2020-05-21 01:43:17.650 DEBUG 11996 --- [restartedMain] c.b.b.mapper.BlockMapper.findMaxHeight   : <==      Total: 1
2020-05-21 01:43:19.082 DEBUG 11996 --- [restartedMain] c.b.b.m.BlockMapper.findPreHashByHeight  : ==>  Preparing: select hash from block where height = ? 
2020-05-21 01:43:19.083 DEBUG 11996 --- [restartedMain] c.b.b.m.BlockMapper.findPreHashByHeight  : ==> Parameters: 0(Integer)
2020-05-21 01:43:19.085 DEBUG 11996 --- [restartedMain] c.b.b.m.BlockMapper.findPreHashByHeight  : <==      Total: 1
2020-05-21 01:43:21.646 DEBUG 11996 --- [restartedMain] c.b.b.mapper.BlockMapper.findStatRoot    : ==>  Preparing: select state_root from block where height = ? 
2020-05-21 01:43:21.647 DEBUG 11996 --- [restartedMain] c.b.b.mapper.BlockMapper.findStatRoot    : ==> Parameters: 0(Integer)
2020-05-21 01:43:21.658 DEBUG 11996 --- [restartedMain] c.b.b.mapper.BlockMapper.findStatRoot    : <==      Total: 1
2020-05-21 01:43:40.242  INFO 11996 --- [restartedMain] c.b.b.core.BlockchainServiceImpl         : createNewBlock(): new block created, hash=805DD28EF2285AF8C8C4F1A276D78B59AC9D790E5F6416E3D39BE7CD71CE2763, time cost=97289ms.
2020-05-21 01:44:16.881  INFO 11996 --- [restartedMain] c.b.b.core.BlockchainServiceImpl         : acpbftDigestBroadcast(): broadcast block, message size=2.5703125KB.
2020-05-21 01:45:10.517  INFO 11996 --- [Incoming-1,BlockCluster,DESKTOP-EMVOVM7-6543] c.b.b.core.BlockchainServiceImpl         : sbftDigestBroadcastReceived(): received message=topic=MESSAGE_TOPIC_DIGEST, nodeName=node1, height=1, round=0, vote=falseblock=Block [hash=805DD28EF2285AF8C8C4F1A276D78B59AC9D790E5F6416E3D39BE7CD71CE2763, pre_hash=5FECEB66FFC86F38D952786C6D696C79C2DBC239DD4E91B46729D73A27FB57E9, merkle_root=FFCF30B264403A2E750F4A3F8069507E8AD0160EF4880D0750CDD4F19BA7A893, tx_length=1, height=1, pre_state_root0, timestamp=2020-05-21 01:43:19]
2020-05-21 01:45:40.145 DEBUG 11996 --- [Incoming-1,BlockCluster,DESKTOP-EMVOVM7-6543] c.b.b.mapper.BlockMapper.findMaxHeight   : ==>  Preparing: select max(height) from block 
2020-05-21 01:45:40.148 DEBUG 11996 --- [Incoming-1,BlockCluster,DESKTOP-EMVOVM7-6543] c.b.b.mapper.BlockMapper.findMaxHeight   : ==> Parameters: 
2020-05-21 01:45:40.151 DEBUG 11996 --- [Incoming-1,BlockCluster,DESKTOP-EMVOVM7-6543] c.b.b.mapper.BlockMapper.findMaxHeight   : <==      Total: 1
2020-05-21 01:45:51.821 DEBUG 11996 --- [Incoming-1,BlockCluster,DESKTOP-EMVOVM7-6543] c.b.b.m.BlockMapper.findPreHashByHeight  : ==>  Preparing: select hash from block where height = ? 
2020-05-21 01:45:51.822 DEBUG 11996 --- [Incoming-1,BlockCluster,DESKTOP-EMVOVM7-6543] c.b.b.m.BlockMapper.findPreHashByHeight  : ==> Parameters: 0(Integer)
2020-05-21 01:45:51.828 DEBUG 11996 --- [Incoming-1,BlockCluster,DESKTOP-EMVOVM7-6543] c.b.b.m.BlockMapper.findPreHashByHeight  : <==      Total: 1
2020-05-21 01:46:13.944  WARN 11996 --- [HikariPool-1 housekeeper] com.zaxxer.hikari.pool.HikariPool        : HikariPool-1 - Thread starvation or clock leap detected (housekeeper delta=51s932ms571µs100ns).
2020-05-21 01:46:22.554 DEBUG 11996 --- [Incoming-1,BlockCluster,DESKTOP-EMVOVM7-6543] c.b.b.m.BlockMapper.findPreHashByHeight  : ==>  Preparing: select hash from block where height = ? 
2020-05-21 01:46:22.555 DEBUG 11996 --- [Incoming-1,BlockCluster,DESKTOP-EMVOVM7-6543] c.b.b.m.BlockMapper.findPreHashByHeight  : ==> Parameters: 0(Integer)
2020-05-21 01:46:22.557 DEBUG 11996 --- [Incoming-1,BlockCluster,DESKTOP-EMVOVM7-6543] c.b.b.m.BlockMapper.findPreHashByHeight  : <==      Total: 1
2020-05-21 01:47:07.525  WARN 11996 --- [HikariPool-1 housekeeper] com.zaxxer.hikari.pool.HikariPool        : HikariPool-1 - Thread starvation or clock leap detected (housekeeper delta=53s580ms886µs300ns).
2020-05-21 01:47:07.537  INFO 11996 --- [Incoming-1,BlockCluster,DESKTOP-EMVOVM7-6543] c.b.b.core.BlockchainServiceImpl         : verifyBlock(): wrong preStateHash! Block preStateHash=0, database preStateHash=5FECEB66FFC86F38D952786C6D696C79C2DBC239DD4E91B46729D73A27FB57E9
2020-05-21 01:47:34.858  INFO 11996 --- [Incoming-1,BlockCluster,DESKTOP-EMVOVM7-6543] c.b.b.core.BlockchainServiceImpl         : sbftVoteBroadcast(): node=node1 vote false to Block [hash=805DD28EF2285AF8C8C4F1A276D78B59AC9D790E5F6416E3D39BE7CD71CE2763, pre_hash=5FECEB66FFC86F38D952786C6D696C79C2DBC239DD4E91B46729D73A27FB57E9, merkle_root=FFCF30B264403A2E750F4A3F8069507E8AD0160EF4880D0750CDD4F19BA7A893, tx_length=1, height=1, pre_state_root0, timestamp=2020-05-21 01:43:19]
2020-05-21 01:47:44.805  INFO 11996 --- [RMI TCP Connection(9)-192.168.0.104] o.a.c.c.C.[Tomcat].[localhost].[/]       : Initializing Spring DispatcherServlet 'dispatcherServlet'
2020-05-21 01:47:49.116  INFO 11996 --- [RMI TCP Connection(9)-192.168.0.104] o.s.web.servlet.DispatcherServlet        : Initializing Servlet 'dispatcherServlet'
2020-05-21 01:48:16.711  INFO 11996 --- [RMI TCP Connection(9)-192.168.0.104] o.s.web.servlet.DispatcherServlet        : Completed initialization in 27595 ms
2020-05-21 01:49:38.752  INFO 11996 --- [Incoming-1,BlockCluster,DESKTOP-EMVOVM7-6543] c.b.b.core.BlockchainServiceImpl         : sbftVoteBroadcastReceived(): start next round.block=805DD28EF2285AF8C8C4F1A276D78B59AC9D790E5F6416E3D39BE7CD71CE2763, height=1, round=0 received vote against 1/1
2020-05-21 01:50:57.711  INFO 11996 --- [Incoming-1,BlockCluster,DESKTOP-EMVOVM7-6543] c.b.b.core.BlockchainServiceImpl         : startNewRound(): leaderNode=node1, height=1, round=1 try to build new block...
2020-05-21 01:51:10.044 DEBUG 11996 --- [Incoming-1,BlockCluster,DESKTOP-EMVOVM7-6543] c.b.b.m.T.findTransByHash                : ==>  Preparing: select tran_hash,block_hash,type,timestamp,sequence,sign,version,extra,data,tranSeq from transaction where tran_hash = ? 
2020-05-21 01:51:10.049 DEBUG 11996 --- [Incoming-1,BlockCluster,DESKTOP-EMVOVM7-6543] c.b.b.m.T.findTransByHash                : ==> Parameters: 1589996188281(String)
2020-05-21 01:51:10.050 DEBUG 11996 --- [Incoming-1,BlockCluster,DESKTOP-EMVOVM7-6543] c.b.b.m.T.findTransByHash                : <==      Total: 0
2020-05-21 01:51:10.051  INFO 11996 --- [Incoming-1,BlockCluster,DESKTOP-EMVOVM7-6543] c.b.b.core.BlockchainServiceImpl         : createNewBlock(): Get valid transaction list, size=1
2020-05-21 01:51:10.052 DEBUG 11996 --- [Incoming-1,BlockCluster,DESKTOP-EMVOVM7-6543] c.b.b.mapper.BlockMapper.findMaxHeight   : ==>  Preparing: select max(height) from block 
2020-05-21 01:51:10.052 DEBUG 11996 --- [Incoming-1,BlockCluster,DESKTOP-EMVOVM7-6543] c.b.b.mapper.BlockMapper.findMaxHeight   : ==> Parameters: 
2020-05-21 01:51:10.053 DEBUG 11996 --- [Incoming-1,BlockCluster,DESKTOP-EMVOVM7-6543] c.b.b.mapper.BlockMapper.findMaxHeight   : <==      Total: 1
2020-05-21 01:51:10.054 DEBUG 11996 --- [Incoming-1,BlockCluster,DESKTOP-EMVOVM7-6543] c.b.b.m.BlockMapper.findPreHashByHeight  : ==>  Preparing: select hash from block where height = ? 
2020-05-21 01:51:10.054 DEBUG 11996 --- [Incoming-1,BlockCluster,DESKTOP-EMVOVM7-6543] c.b.b.m.BlockMapper.findPreHashByHeight  : ==> Parameters: 0(Integer)
2020-05-21 01:51:10.055 DEBUG 11996 --- [Incoming-1,BlockCluster,DESKTOP-EMVOVM7-6543] c.b.b.m.BlockMapper.findPreHashByHeight  : <==      Total: 1
2020-05-21 01:51:10.056 DEBUG 11996 --- [Incoming-1,BlockCluster,DESKTOP-EMVOVM7-6543] c.b.b.mapper.BlockMapper.findStatRoot    : ==>  Preparing: select state_root from block where height = ? 
2020-05-21 01:51:10.057 DEBUG 11996 --- [Incoming-1,BlockCluster,DESKTOP-EMVOVM7-6543] c.b.b.mapper.BlockMapper.findStatRoot    : ==> Parameters: 0(Integer)
2020-05-21 01:51:10.057 DEBUG 11996 --- [Incoming-1,BlockCluster,DESKTOP-EMVOVM7-6543] c.b.b.mapper.BlockMapper.findStatRoot    : <==      Total: 1
2020-05-21 01:51:10.058  INFO 11996 --- [Incoming-1,BlockCluster,DESKTOP-EMVOVM7-6543] c.b.b.core.BlockchainServiceImpl         : createNewBlock(): new block created, hash=83B1D4264C5539BA38AD1A6B249B68C19CBFDB48458AB989A038B5E159B4A96E, time cost=18ms.
2020-05-21 01:51:10.059  INFO 11996 --- [Incoming-1,BlockCluster,DESKTOP-EMVOVM7-6543] c.b.b.core.BlockchainServiceImpl         : acpbftDigestBroadcast(): broadcast block, message size=2.5703125KB.
2020-05-21 01:51:10.059  INFO 11996 --- [Incoming-1,BlockCluster,DESKTOP-EMVOVM7-6543] c.b.b.core.BlockchainServiceImpl         : sbftDigestBroadcastReceived(): received message=topic=MESSAGE_TOPIC_DIGEST, nodeName=node1, height=1, round=1, vote=falseblock=Block [hash=83B1D4264C5539BA38AD1A6B249B68C19CBFDB48458AB989A038B5E159B4A96E, pre_hash=5FECEB66FFC86F38D952786C6D696C79C2DBC239DD4E91B46729D73A27FB57E9, merkle_root=FFCF30B264403A2E750F4A3F8069507E8AD0160EF4880D0750CDD4F19BA7A893, tx_length=1, height=1, pre_state_root0, timestamp=2020-05-21 01:51:10]
2020-05-21 01:51:10.060 DEBUG 11996 --- [Incoming-1,BlockCluster,DESKTOP-EMVOVM7-6543] c.b.b.mapper.BlockMapper.findMaxHeight   : ==>  Preparing: select max(height) from block 
2020-05-21 01:51:10.060 DEBUG 11996 --- [Incoming-1,BlockCluster,DESKTOP-EMVOVM7-6543] c.b.b.mapper.BlockMapper.findMaxHeight   : ==> Parameters: 
2020-05-21 01:51:10.061 DEBUG 11996 --- [Incoming-1,BlockCluster,DESKTOP-EMVOVM7-6543] c.b.b.mapper.BlockMapper.findMaxHeight   : <==      Total: 1
2020-05-21 01:51:10.072 DEBUG 11996 --- [Incoming-1,BlockCluster,DESKTOP-EMVOVM7-6543] c.b.b.m.BlockMapper.findPreHashByHeight  : ==>  Preparing: select hash from block where height = ? 
2020-05-21 01:51:10.073 DEBUG 11996 --- [Incoming-1,BlockCluster,DESKTOP-EMVOVM7-6543] c.b.b.m.BlockMapper.findPreHashByHeight  : ==> Parameters: 0(Integer)
2020-05-21 01:51:10.074 DEBUG 11996 --- [Incoming-1,BlockCluster,DESKTOP-EMVOVM7-6543] c.b.b.m.BlockMapper.findPreHashByHeight  : <==      Total: 1
2020-05-21 01:51:10.076 DEBUG 11996 --- [Incoming-1,BlockCluster,DESKTOP-EMVOVM7-6543] c.b.b.m.BlockMapper.findPreHashByHeight  : ==>  Preparing: select hash from block where height = ? 
2020-05-21 01:51:10.077 DEBUG 11996 --- [Incoming-1,BlockCluster,DESKTOP-EMVOVM7-6543] c.b.b.m.BlockMapper.findPreHashByHeight  : ==> Parameters: 0(Integer)
2020-05-21 01:51:10.077 DEBUG 11996 --- [Incoming-1,BlockCluster,DESKTOP-EMVOVM7-6543] c.b.b.m.BlockMapper.findPreHashByHeight  : <==      Total: 1
2020-05-21 01:51:10.078  INFO 11996 --- [Incoming-1,BlockCluster,DESKTOP-EMVOVM7-6543] c.b.b.core.BlockchainServiceImpl         : verifyBlock(): wrong preStateHash! Block preStateHash=0, database preStateHash=5FECEB66FFC86F38D952786C6D696C79C2DBC239DD4E91B46729D73A27FB57E9
2020-05-21 01:51:10.079  INFO 11996 --- [Incoming-1,BlockCluster,DESKTOP-EMVOVM7-6543] c.b.b.core.BlockchainServiceImpl         : sbftVoteBroadcast(): node=node1 vote false to Block [hash=83B1D4264C5539BA38AD1A6B249B68C19CBFDB48458AB989A038B5E159B4A96E, pre_hash=5FECEB66FFC86F38D952786C6D696C79C2DBC239DD4E91B46729D73A27FB57E9, merkle_root=FFCF30B264403A2E750F4A3F8069507E8AD0160EF4880D0750CDD4F19BA7A893, tx_length=1, height=1, pre_state_root0, timestamp=2020-05-21 01:51:10]
2020-05-21 01:51:10.079  INFO 11996 --- [Incoming-1,BlockCluster,DESKTOP-EMVOVM7-6543] c.b.b.core.BlockchainServiceImpl         : sbftVoteBroadcastReceived(): start next round.block=83B1D4264C5539BA38AD1A6B249B68C19CBFDB48458AB989A038B5E159B4A96E, height=1, round=1 received vote against 1/1
2020-05-21 01:51:10.079  INFO 11996 --- [Incoming-1,BlockCluster,DESKTOP-EMVOVM7-6543] c.b.b.core.BlockchainServiceImpl         : startNewRound(): leaderNode=node1, height=1, round=2 try to build new block...
2020-05-21 01:51:10.086 DEBUG 11996 --- [Incoming-1,BlockCluster,DESKTOP-EMVOVM7-6543] c.b.b.m.T.findTransByHash                : ==>  Preparing: select tran_hash,block_hash,type,timestamp,sequence,sign,version,extra,data,tranSeq from transaction where tran_hash = ? 
2020-05-21 01:51:10.087 DEBUG 11996 --- [Incoming-1,BlockCluster,DESKTOP-EMVOVM7-6543] c.b.b.m.T.findTransByHash                : ==> Parameters: 1589996188281(String)
2020-05-21 01:51:10.088 DEBUG 11996 --- [Incoming-1,BlockCluster,DESKTOP-EMVOVM7-6543] c.b.b.m.T.findTransByHash                : <==      Total: 0
2020-05-21 01:51:10.088  INFO 11996 --- [Incoming-1,BlockCluster,DESKTOP-EMVOVM7-6543] c.b.b.core.BlockchainServiceImpl         : createNewBlock(): Get valid transaction list, size=1
2020-05-21 01:51:10.089 DEBUG 11996 --- [Incoming-1,BlockCluster,DESKTOP-EMVOVM7-6543] c.b.b.mapper.BlockMapper.findMaxHeight   : ==>  Preparing: select max(height) from block 
2020-05-21 01:51:10.089 DEBUG 11996 --- [Incoming-1,BlockCluster,DESKTOP-EMVOVM7-6543] c.b.b.mapper.BlockMapper.findMaxHeight   : ==> Parameters: 
2020-05-21 01:51:10.090 DEBUG 11996 --- [Incoming-1,BlockCluster,DESKTOP-EMVOVM7-6543] c.b.b.mapper.BlockMapper.findMaxHeight   : <==      Total: 1
2020-05-21 01:51:10.091 DEBUG 11996 --- [Incoming-1,BlockCluster,DESKTOP-EMVOVM7-6543] c.b.b.m.BlockMapper.findPreHashByHeight  : ==>  Preparing: select hash from block where height = ? 
2020-05-21 01:51:10.092  INFO 11996 --- [SpringContextShutdownHook] o.s.s.concurrent.ThreadPoolTaskExecutor  : Shutting down ExecutorService 'applicationTaskExecutor'
2020-05-21 01:51:10.092 DEBUG 11996 --- [Incoming-1,BlockCluster,DESKTOP-EMVOVM7-6543] c.b.b.m.BlockMapper.findPreHashByHeight  : ==> Parameters: 0(Integer)
2020-05-21 01:51:10.092  INFO 11996 --- [SpringContextShutdownHook] com.zaxxer.hikari.HikariDataSource       : HikariPool-1 - Shutdown initiated...
2020-05-21 01:51:10.093 DEBUG 11996 --- [Incoming-1,BlockCluster,DESKTOP-EMVOVM7-6543] c.b.b.m.BlockMapper.findPreHashByHeight  : <==      Total: 1
2020-05-21 01:51:10.109  INFO 11996 --- [SpringContextShutdownHook] com.zaxxer.hikari.HikariDataSource       : HikariPool-1 - Shutdown completed.
2020-05-21 01:51:10.116 ERROR 11996 --- [Incoming-1,BlockCluster,DESKTOP-EMVOVM7-6543] org.jgroups.JChannel                     : JGRP000019: failed passing message to receiver

org.mybatis.spring.MyBatisSystemException: nested exception is org.apache.ibatis.exceptions.PersistenceException: 
### Error querying database.  Cause: org.springframework.jdbc.CannotGetJdbcConnectionException: Failed to obtain JDBC Connection; nested exception is java.sql.SQLException: HikariDataSource HikariDataSource (HikariPool-1) has been closed.
### The error may exist in com/buaa/blockchain/mapper/BlockMapper.java (best guess)
### The error may involve com.buaa.blockchain.mapper.BlockMapper.findStatRoot
### The error occurred while executing a query
### Cause: org.springframework.jdbc.CannotGetJdbcConnectionException: Failed to obtain JDBC Connection; nested exception is java.sql.SQLException: HikariDataSource HikariDataSource (HikariPool-1) has been closed.
	at org.mybatis.spring.MyBatisExceptionTranslator.translateExceptionIfPossible(MyBatisExceptionTranslator.java:77) ~[mybatis-spring-1.3.2.jar:1.3.2]
	at org.mybatis.spring.SqlSessionTemplate$SqlSessionInterceptor.invoke(SqlSessionTemplate.java:446) ~[mybatis-spring-1.3.2.jar:1.3.2]
	at com.sun.proxy.$Proxy97.selectOne(Unknown Source) ~[na:na]
	at org.mybatis.spring.SqlSessionTemplate.selectOne(SqlSessionTemplate.java:166) ~[mybatis-spring-1.3.2.jar:1.3.2]
	at org.apache.ibatis.binding.MapperMethod.execute(MapperMethod.java:83) ~[mybatis-3.4.6.jar:3.4.6]
	at org.apache.ibatis.binding.MapperProxy.invoke(MapperProxy.java:59) ~[mybatis-3.4.6.jar:3.4.6]
	at com.sun.proxy.$Proxy101.findStatRoot(Unknown Source) ~[na:na]
	at sun.reflect.NativeMethodAccessorImpl.invoke0(Native Method) ~[na:1.8.0_191]
	at sun.reflect.NativeMethodAccessorImpl.invoke(NativeMethodAccessorImpl.java:62) ~[na:1.8.0_191]
	at sun.reflect.DelegatingMethodAccessorImpl.invoke(DelegatingMethodAccessorImpl.java:43) ~[na:1.8.0_191]
	at java.lang.reflect.Method.invoke(Method.java:498) ~[na:1.8.0_191]
	at org.springframework.aop.support.AopUtils.invokeJoinpointUsingReflection(AopUtils.java:344) ~[spring-aop-5.2.5.RELEASE.jar:5.2.5.RELEASE]
	at org.springframework.aop.framework.ReflectiveMethodInvocation.invokeJoinpoint(ReflectiveMethodInvocation.java:198) ~[spring-aop-5.2.5.RELEASE.jar:5.2.5.RELEASE]
	at org.springframework.aop.framework.ReflectiveMethodInvocation.proceed(ReflectiveMethodInvocation.java:163) ~[spring-aop-5.2.5.RELEASE.jar:5.2.5.RELEASE]
	at org.springframework.dao.support.PersistenceExceptionTranslationInterceptor.invoke(PersistenceExceptionTranslationInterceptor.java:139) ~[spring-tx-5.2.5.RELEASE.jar:5.2.5.RELEASE]
	at org.springframework.aop.framework.ReflectiveMethodInvocation.proceed(ReflectiveMethodInvocation.java:186) ~[spring-aop-5.2.5.RELEASE.jar:5.2.5.RELEASE]
	at org.springframework.aop.framework.JdkDynamicAopProxy.invoke(JdkDynamicAopProxy.java:212) ~[spring-aop-5.2.5.RELEASE.jar:5.2.5.RELEASE]
	at com.sun.proxy.$Proxy102.findStatRoot(Unknown Source) ~[na:na]
	at com.buaa.blockchain.core.BlockchainServiceImpl.createNewBlock(BlockchainServiceImpl.java:556) ~[classes/:na]
	at com.buaa.blockchain.core.BlockchainServiceImpl.startNewRound(BlockchainServiceImpl.java:143) ~[classes/:na]
	at com.buaa.blockchain.core.BlockchainServiceImpl.sbftExecute(BlockchainServiceImpl.java:388) ~[classes/:na]
	at com.buaa.blockchain.core.BlockchainServiceImpl.sbftVoteBroadcastReceived(BlockchainServiceImpl.java:374) ~[classes/:na]
	at com.buaa.blockchain.core.BlockchainServiceImpl$1.OnMessageReceived(BlockchainServiceImpl.java:421) ~[classes/:na]
	at com.buaa.blockchain.message.JGroupsMessageImpl.receive(JGroupsMessageImpl.java:104) ~[classes/:na]
	at org.jgroups.JChannel.up(JChannel.java:768) ~[jgroups-3.6.10.Final.jar:3.6.10.Final]
	at org.jgroups.stack.ProtocolStack.up(ProtocolStack.java:1034) [jgroups-3.6.10.Final.jar:3.6.10.Final]
	at org.jgroups.stack.Protocol.up(Protocol.java:426) [jgroups-3.6.10.Final.jar:3.6.10.Final]
	at org.jgroups.protocols.FRAG2.up(FRAG2.java:182) [jgroups-3.6.10.Final.jar:3.6.10.Final]
	at org.jgroups.protocols.FlowControl.up(FlowControl.java:438) [jgroups-3.6.10.Final.jar:3.6.10.Final]
	at org.jgroups.stack.Protocol.up(Protocol.java:426) [jgroups-3.6.10.Final.jar:3.6.10.Final]
	at org.jgroups.protocols.pbcast.STABLE.up(STABLE.java:294) [jgroups-3.6.10.Final.jar:3.6.10.Final]
	at org.jgroups.protocols.UNICAST3.up(UNICAST3.java:480) [jgroups-3.6.10.Final.jar:3.6.10.Final]
	at org.jgroups.protocols.pbcast.NAKACK2.deliverBatch(NAKACK2.java:987) [jgroups-3.6.10.Final.jar:3.6.10.Final]
	at org.jgroups.protocols.pbcast.NAKACK2.removeAndPassUp(NAKACK2.java:917) [jgroups-3.6.10.Final.jar:3.6.10.Final]
	at org.jgroups.protocols.pbcast.NAKACK2.handleMessage(NAKACK2.java:851) [jgroups-3.6.10.Final.jar:3.6.10.Final]
	at org.jgroups.protocols.pbcast.NAKACK2.up(NAKACK2.java:611) [jgroups-3.6.10.Final.jar:3.6.10.Final]
	at org.jgroups.protocols.BARRIER.up(BARRIER.java:152) [jgroups-3.6.10.Final.jar:3.6.10.Final]
	at org.jgroups.protocols.VERIFY_SUSPECT.up(VERIFY_SUSPECT.java:155) [jgroups-3.6.10.Final.jar:3.6.10.Final]
	at org.jgroups.protocols.FD.up(FD.java:260) [jgroups-3.6.10.Final.jar:3.6.10.Final]
	at org.jgroups.protocols.FD_SOCK.up(FD_SOCK.java:310) [jgroups-3.6.10.Final.jar:3.6.10.Final]
	at org.jgroups.protocols.MERGE2.up(MERGE2.java:237) [jgroups-3.6.10.Final.jar:3.6.10.Final]
	at org.jgroups.protocols.Discovery.up(Discovery.java:296) [jgroups-3.6.10.Final.jar:3.6.10.Final]
	at org.jgroups.protocols.TP.passMessageUp(TP.java:1601) [jgroups-3.6.10.Final.jar:3.6.10.Final]
	at org.jgroups.protocols.TP$3.run(TP.java:1535) [jgroups-3.6.10.Final.jar:3.6.10.Final]
	at java.util.concurrent.ThreadPoolExecutor.runWorker(ThreadPoolExecutor.java:1149) [na:1.8.0_191]
	at java.util.concurrent.ThreadPoolExecutor$Worker.run(ThreadPoolExecutor.java:624) [na:1.8.0_191]
	at java.lang.Thread.run(Thread.java:748) [na:1.8.0_191]
Caused by: org.apache.ibatis.exceptions.PersistenceException: 
### Error querying database.  Cause: org.springframework.jdbc.CannotGetJdbcConnectionException: Failed to obtain JDBC Connection; nested exception is java.sql.SQLException: HikariDataSource HikariDataSource (HikariPool-1) has been closed.
### The error may exist in com/buaa/blockchain/mapper/BlockMapper.java (best guess)
### The error may involve com.buaa.blockchain.mapper.BlockMapper.findStatRoot
### The error occurred while executing a query
### Cause: org.springframework.jdbc.CannotGetJdbcConnectionException: Failed to obtain JDBC Connection; nested exception is java.sql.SQLException: HikariDataSource HikariDataSource (HikariPool-1) has been closed.
	at org.apache.ibatis.exceptions.ExceptionFactory.wrapException(ExceptionFactory.java:30) ~[mybatis-3.4.6.jar:3.4.6]
	at org.apache.ibatis.session.defaults.DefaultSqlSession.selectList(DefaultSqlSession.java:150) ~[mybatis-3.4.6.jar:3.4.6]
	at org.apache.ibatis.session.defaults.DefaultSqlSession.selectList(DefaultSqlSession.java:141) ~[mybatis-3.4.6.jar:3.4.6]
	at org.apache.ibatis.session.defaults.DefaultSqlSession.selectOne(DefaultSqlSession.java:77) ~[mybatis-3.4.6.jar:3.4.6]
	at sun.reflect.GeneratedMethodAccessor77.invoke(Unknown Source) ~[na:na]
	at sun.reflect.DelegatingMethodAccessorImpl.invoke(DelegatingMethodAccessorImpl.java:43) ~[na:1.8.0_191]
	at java.lang.reflect.Method.invoke(Method.java:498) ~[na:1.8.0_191]
	at org.mybatis.spring.SqlSessionTemplate$SqlSessionInterceptor.invoke(SqlSessionTemplate.java:433) ~[mybatis-spring-1.3.2.jar:1.3.2]
	... 45 common frames omitted
Caused by: org.springframework.jdbc.CannotGetJdbcConnectionException: Failed to obtain JDBC Connection; nested exception is java.sql.SQLException: HikariDataSource HikariDataSource (HikariPool-1) has been closed.
	at org.springframework.jdbc.datasource.DataSourceUtils.getConnection(DataSourceUtils.java:82) ~[spring-jdbc-5.2.5.RELEASE.jar:5.2.5.RELEASE]
	at org.mybatis.spring.transaction.SpringManagedTransaction.openConnection(SpringManagedTransaction.java:82) ~[mybatis-spring-1.3.2.jar:1.3.2]
	at org.mybatis.spring.transaction.SpringManagedTransaction.getConnection(SpringManagedTransaction.java:68) ~[mybatis-spring-1.3.2.jar:1.3.2]
	at org.apache.ibatis.executor.BaseExecutor.getConnection(BaseExecutor.java:338) ~[mybatis-3.4.6.jar:3.4.6]
	at org.apache.ibatis.executor.SimpleExecutor.prepareStatement(SimpleExecutor.java:84) ~[mybatis-3.4.6.jar:3.4.6]
	at org.apache.ibatis.executor.SimpleExecutor.doQuery(SimpleExecutor.java:62) ~[mybatis-3.4.6.jar:3.4.6]
	at org.apache.ibatis.executor.BaseExecutor.queryFromDatabase(BaseExecutor.java:326) ~[mybatis-3.4.6.jar:3.4.6]
	at org.apache.ibatis.executor.BaseExecutor.query(BaseExecutor.java:156) ~[mybatis-3.4.6.jar:3.4.6]
	at org.apache.ibatis.executor.CachingExecutor.query(CachingExecutor.java:109) ~[mybatis-3.4.6.jar:3.4.6]
	at org.apache.ibatis.executor.CachingExecutor.query(CachingExecutor.java:83) ~[mybatis-3.4.6.jar:3.4.6]
	at org.apache.ibatis.session.defaults.DefaultSqlSession.selectList(DefaultSqlSession.java:148) ~[mybatis-3.4.6.jar:3.4.6]
	... 51 common frames omitted
Caused by: java.sql.SQLException: HikariDataSource HikariDataSource (HikariPool-1) has been closed.
	at com.zaxxer.hikari.HikariDataSource.getConnection(HikariDataSource.java:96) ~[HikariCP-3.4.2.jar:na]
	at org.springframework.jdbc.datasource.DataSourceUtils.fetchConnection(DataSourceUtils.java:158) ~[spring-jdbc-5.2.5.RELEASE.jar:5.2.5.RELEASE]
	at org.springframework.jdbc.datasource.DataSourceUtils.doGetConnection(DataSourceUtils.java:116) ~[spring-jdbc-5.2.5.RELEASE.jar:5.2.5.RELEASE]
	at org.springframework.jdbc.datasource.DataSourceUtils.getConnection(DataSourceUtils.java:79) ~[spring-jdbc-5.2.5.RELEASE.jar:5.2.5.RELEASE]
	... 61 common frames omitted

2020-05-21 01:52:28.200  INFO 5248 --- [main] c.b.b.BlockchainApplicationTests         : Starting BlockchainApplicationTests on DESKTOP-EMVOVM7 with PID 5248 (started by 18910 in D:\Develop\PRJ\buaa-blockchain)
2020-05-21 01:52:28.202 DEBUG 5248 --- [main] c.b.b.BlockchainApplicationTests         : Running with Spring Boot v2.2.6.RELEASE, Spring v5.2.5.RELEASE
2020-05-21 01:52:28.203  INFO 5248 --- [main] c.b.b.BlockchainApplicationTests         : No active profile set, falling back to default profiles: default
2020-05-21 01:52:29.551  INFO 5248 --- [main] .s.d.r.c.RepositoryConfigurationDelegate : Multiple Spring Data modules found, entering strict repository configuration mode!
2020-05-21 01:52:29.555  INFO 5248 --- [main] .s.d.r.c.RepositoryConfigurationDelegate : Bootstrapping Spring Data Redis repositories in DEFAULT mode.
2020-05-21 01:52:29.601  INFO 5248 --- [main] .s.d.r.c.RepositoryConfigurationDelegate : Finished Spring Data repository scanning in 29ms. Found 0 Redis repository interfaces.
2020-05-21 01:52:30.110  INFO 5248 --- [main] trationDelegate$BeanPostProcessorChecker : Bean 'redisConfig' of type [com.buaa.blockchain.redis.RedisConfig$$EnhancerBySpringCGLIB$$e990bc0b] is not eligible for getting processed by all BeanPostProcessors (for example: not eligible for auto-proxying)
2020-05-21 01:52:30.760  WARN 5248 --- [main] org.jgroups.stack.Configurator           : JGRP000014: BasicTCP.use_send_queues has been deprecated: will be removed in 4.0
2020-05-21 01:52:30.763  WARN 5248 --- [main] org.jgroups.stack.Configurator           : JGRP000014: TP.loopback has been deprecated: enabled by default
2020-05-21 01:52:30.768  WARN 5248 --- [main] org.jgroups.stack.Configurator           : JGRP000014: Discovery.timeout has been deprecated: GMS.join_timeout should be used instead
2020-05-21 01:52:30.768  WARN 5248 --- [main] org.jgroups.stack.Configurator           : JGRP000014: Discovery.num_initial_members has been deprecated: will be ignored
